[2025-11-13T01:31:32.179Z] Stable server running at http://localhost:8083
[2025-11-13T01:39:19.849Z] 404 /CareConnect-Pro_v12.1-STABLE
[2025-11-13T01:39:23.501Z] 404 /CareConnect-Pro_v12.1-STABLE
[2025-11-13T01:39:43.635Z] 404 /CareConnect-Pro_v12.1-STABLE
[2025-11-13T01:43:24.055Z] Stable server running at http://localhost:8083
[2025-11-13T01:43:43.477Z] 404 /CareConnect-Pro_v12.1-STABLE
[2025-11-13T01:44:30.684Z] Stable server running at http://localhost:8083
[2025-11-13T01:44:41.310Z] 200 /CareConnect-Pro_v12.1-STABLE.html
[2025-11-13T01:44:41.336Z] 200 /libs/pdf-lib.min.js
[2025-11-13T01:44:41.363Z] 200 /libs/jspdf.umd.min.js
[2025-11-13T01:44:41.379Z] 200 /libs/html2canvas.min.js
[2025-11-13T01:44:41.388Z] 200 /libs/jquery-3.6.0.min.js
[2025-11-13T01:44:41.392Z] 200 /libs/select2.min.css
[2025-11-13T01:44:41.393Z] 200 /libs/select2.min.js
[2025-11-13T01:44:41.398Z] 200 /libs/leaflet.js
[2025-11-13T01:44:41.398Z] 200 /libs/leaflet.css
[2025-11-13T01:44:41.400Z] 200 /libs/chart.min.js
[2025-11-13T01:44:41.402Z] 200 /libs/d3.v7.min.js
[2025-11-13T01:44:41.406Z] 200 /feature-flags.js
[2025-11-13T01:44:41.407Z] 200 /performance-monitor.js
[2025-11-13T01:44:41.418Z] 200 /intelligent-matching.js
[2025-11-13T01:44:41.419Z] 200 /client-manager.js
[2025-11-13T01:44:41.420Z] 200 /houses-manager.js
[2025-11-13T01:44:41.422Z] 200 /multi-client-workflow.js
[2025-11-13T01:44:41.423Z] 200 /indexed-db-manager.js
[2025-11-13T01:44:41.423Z] 200 /advanced-filters.js
[2025-11-13T01:44:41.426Z] 200 /milestones-manager.js
[2025-11-13T01:44:41.427Z] 200 /aftercare-manager.js
[2025-11-13T01:44:41.428Z] 200 /service-worker.js
[2025-11-13T01:44:41.483Z] 200 /dashboard-widgets.js
[2025-11-13T01:44:41.483Z] 200 /dashboard-manager.js
[2025-11-13T01:44:41.484Z] 200 /dashboard-diagnostics.js
[2025-11-13T01:45:42.058Z] Stable server running at http://localhost:8083
[2025-11-13T01:46:09.065Z] 200 /CareConnect-Pro_v12.1-STABLE.html
[2025-11-13T02:10:16.176Z] 200 /CareConnect-Pro_v12.1-STABLE.html
[2025-11-13T02:10:16.235Z] 200 /libs/pdf-lib.min.js
[2025-11-13T02:10:16.255Z] 200 /libs/jspdf.umd.min.js
[2025-11-13T02:10:16.268Z] 200 /libs/html2canvas.min.js
[2025-11-13T02:10:16.275Z] 200 /libs/jquery-3.6.0.min.js
[2025-11-13T02:10:16.278Z] 200 /libs/select2.min.css
[2025-11-13T02:10:16.278Z] 200 /libs/select2.min.js
[2025-11-13T02:10:16.282Z] 200 /libs/leaflet.css
[2025-11-13T02:10:16.282Z] 200 /libs/leaflet.js
[2025-11-13T02:10:16.284Z] 200 /libs/chart.min.js
[2025-11-13T02:10:16.286Z] 200 /libs/d3.v7.min.js
[2025-11-13T02:10:16.290Z] 200 /feature-flags.js
[2025-11-13T02:10:16.290Z] 200 /performance-monitor.js
[2025-11-13T02:10:16.297Z] 200 /houses-manager.js
[2025-11-13T02:10:16.298Z] 200 /multi-client-workflow.js
[2025-11-13T02:10:16.298Z] 200 /indexed-db-manager.js
[2025-11-13T02:10:16.299Z] 200 /intelligent-matching.js
[2025-11-13T02:10:16.299Z] 200 /advanced-filters.js
[2025-11-13T02:10:16.299Z] 200 /client-manager.js
[2025-11-13T02:10:16.300Z] 200 /milestones-manager.js
[2025-11-13T02:10:16.301Z] 200 /aftercare-manager.js
[2025-11-13T02:10:16.354Z] 200 /dashboard-diagnostics.js
[2025-11-13T02:10:16.354Z] 200 /dashboard-widgets.js
[2025-11-13T02:10:16.355Z] 200 /dashboard-manager.js
[2025-11-13T02:10:17.904Z] 200 /service-worker.js
[2025-11-13T02:10:19.015Z] 200 /CareConnect-Pro_v12.1-STABLE.html
[2025-11-13T02:10:19.032Z] 200 /libs/pdf-lib.min.js
[2025-11-13T02:10:19.044Z] 200 /libs/jspdf.umd.min.js
[2025-11-13T02:10:19.055Z] 200 /libs/html2canvas.min.js
[2025-11-13T02:10:19.061Z] 200 /libs/jquery-3.6.0.min.js
[2025-11-13T02:10:19.063Z] 200 /libs/select2.min.css
[2025-11-13T02:10:19.064Z] 200 /libs/select2.min.js
[2025-11-13T02:10:19.066Z] 200 /libs/leaflet.css
[2025-11-13T02:10:19.067Z] 200 /libs/leaflet.js
[2025-11-13T02:10:19.069Z] 200 /libs/chart.min.js
[2025-11-13T02:10:19.071Z] 200 /libs/d3.v7.min.js
[2025-11-13T02:10:19.074Z] 200 /performance-monitor.js
[2025-11-13T02:10:19.075Z] 200 /feature-flags.js
[2025-11-13T02:10:19.078Z] 200 /indexed-db-manager.js
[2025-11-13T02:10:19.078Z] 200 /intelligent-matching.js
[2025-11-13T02:10:19.079Z] 200 /advanced-filters.js
[2025-11-13T02:10:19.079Z] 200 /multi-client-workflow.js
[2025-11-13T02:10:19.080Z] 200 /client-manager.js
[2025-11-13T02:10:19.081Z] 200 /houses-manager.js
[2025-11-13T02:10:19.081Z] 200 /aftercare-manager.js
[2025-11-13T02:10:19.082Z] 200 /milestones-manager.js
[2025-11-13T02:10:19.094Z] 200 /dashboard-diagnostics.js
[2025-11-13T02:10:19.095Z] 200 /dashboard-widgets.js
[2025-11-13T02:10:19.095Z] 200 /dashboard-manager.js
[2025-11-13T20:12:31.780Z] Stable server running at http://localhost:8083
[2025-11-13T20:12:37.786Z] 200 /CareConnect-Pro_v12.1-STABLE.html
[2025-11-13T20:13:29.152Z] 200 /CareConnect-Pro_v12.1-STABLE.html
[2025-11-13T20:13:29.170Z] 200 /libs/pdf-lib.min.js
[2025-11-13T20:13:29.191Z] 200 /libs/jspdf.umd.min.js
[2025-11-13T20:13:29.204Z] 200 /libs/html2canvas.min.js
[2025-11-13T20:13:29.211Z] 200 /libs/jquery-3.6.0.min.js
[2025-11-13T20:13:29.214Z] 200 /libs/select2.min.js
[2025-11-13T20:13:29.215Z] 200 /libs/select2.min.css
[2025-11-13T20:13:29.218Z] 200 /libs/leaflet.css
[2025-11-13T20:13:29.219Z] 200 /libs/leaflet.js
[2025-11-13T20:13:29.221Z] 200 /libs/chart.min.js
[2025-11-13T20:13:29.224Z] 200 /libs/d3.v7.min.js
[2025-11-13T20:13:29.227Z] 200 /js/auth/login-robust.js
[2025-11-13T20:13:29.228Z] 200 /feature-flags.js
[2025-11-13T20:13:29.236Z] 200 /client-manager.js
[2025-11-13T20:13:29.236Z] 200 /multi-client-workflow.js
[2025-11-13T20:13:29.237Z] 200 /advanced-filters.js
[2025-11-13T20:13:29.237Z] 200 /performance-monitor.js
[2025-11-13T20:13:29.238Z] 200 /intelligent-matching.js
[2025-11-13T20:13:29.238Z] 200 /indexed-db-manager.js
[2025-11-13T20:13:29.239Z] 200 /houses-manager.js
[2025-11-13T20:13:29.240Z] 200 /milestones-manager.js
[2025-11-13T20:13:29.241Z] 200 /aftercare-manager.js
[2025-11-13T20:13:29.295Z] 200 /dashboard-manager.js
[2025-11-13T20:13:29.296Z] 200 /dashboard-widgets.js
[2025-11-13T20:13:29.296Z] 200 /dashboard-diagnostics.js
[2025-11-13T20:13:30.852Z] 200 /service-worker.js
[2025-11-13T20:50:14.920Z] 200 /CareConnect-Pro_v12.1-STABLE.html
[2025-11-13T20:50:14.938Z] 200 /libs/pdf-lib.min.js
[2025-11-13T21:50:43.952Z] Stable server running at http://localhost:8083
[2025-11-13T21:50:49.403Z] 200 /CareConnect-Pro_v12.1-STABLE.html
[2025-11-13T21:51:03.951Z] 200 /CareConnect-Pro_v12.1-STABLE.html
[2025-11-13T21:51:03.970Z] 200 /libs/pdf-lib.min.js
[2025-11-13T21:51:03.998Z] 200 /libs/jspdf.umd.min.js
[2025-11-13T21:51:04.024Z] 200 /libs/html2canvas.min.js
[2025-11-13T21:51:04.034Z] 200 /libs/jquery-3.6.0.min.js
[2025-11-13T21:51:04.038Z] 200 /libs/select2.min.css
[2025-11-13T21:51:04.039Z] 200 /libs/select2.min.js
[2025-11-13T21:51:04.042Z] 200 /libs/leaflet.css
[2025-11-13T21:51:04.043Z] 200 /libs/leaflet.js
[2025-11-13T21:51:04.046Z] 200 /libs/chart.min.js
[2025-11-13T21:51:04.048Z] 200 /libs/d3.v7.min.js
[2025-11-13T21:51:04.052Z] 200 /js/auth/login-robust.js
[2025-11-13T21:51:04.053Z] 200 /feature-flags.js
[2025-11-13T21:51:04.062Z] 200 /performance-monitor.js
[2025-11-13T21:51:04.063Z] 200 /indexed-db-manager.js
[2025-11-13T21:51:04.064Z] 200 /intelligent-matching.js
[2025-11-13T21:51:04.090Z] 200 /multi-client-workflow.js
[2025-11-13T21:51:04.090Z] 200 /client-manager.js
[2025-11-13T21:51:04.090Z] 200 /advanced-filters.js
[2025-11-13T21:51:04.199Z] 200 /images/family-first-logo.png
[2025-11-13T21:51:04.200Z] 200 /milestones-manager.js
[2025-11-13T21:51:04.200Z] 200 /houses-manager.js
[2025-11-13T21:51:04.203Z] 200 /aftercare-manager.js
[2025-11-13T21:51:04.207Z] 200 /dashboard-manager.js
[2025-11-13T21:51:04.207Z] 200 /dashboard-diagnostics.js
[2025-11-13T21:51:04.208Z] 200 /dashboard-widgets.js
[2025-11-13T21:51:06.181Z] 200 /service-worker.js
[2025-11-13T21:54:22.662Z] 200 /CareConnect-Pro_v12.1-STABLE.html
[2025-11-13T21:54:22.727Z] 200 /libs/pdf-lib.min.js
[2025-11-13T21:54:22.745Z] 200 /libs/jspdf.umd.min.js
[2025-11-13T21:54:22.759Z] 200 /libs/html2canvas.min.js
[2025-11-13T21:54:22.767Z] 200 /libs/jquery-3.6.0.min.js
[2025-11-13T21:54:22.770Z] 200 /libs/select2.min.css
[2025-11-13T21:54:22.771Z] 200 /libs/select2.min.js
[2025-11-13T21:54:22.776Z] 200 /libs/leaflet.css
[2025-11-13T21:54:22.778Z] 200 /libs/leaflet.js
[2025-11-13T21:54:22.781Z] 200 /libs/chart.min.js
[2025-11-13T21:54:22.784Z] 200 /libs/d3.v7.min.js
[2025-11-13T21:54:22.786Z] 200 /js/auth/login-robust.js
[2025-11-13T21:54:22.788Z] 200 /feature-flags.js
[2025-11-13T21:54:22.797Z] 200 /indexed-db-manager.js
[2025-11-13T21:54:22.798Z] 200 /performance-monitor.js
[2025-11-13T21:54:22.799Z] 200 /advanced-filters.js
[2025-11-13T21:54:22.800Z] 200 /intelligent-matching.js
[2025-11-13T21:54:22.800Z] 200 /client-manager.js
[2025-11-13T21:54:22.801Z] 200 /multi-client-workflow.js
[2025-11-13T21:54:22.802Z] 200 /houses-manager.js
[2025-11-13T21:54:22.802Z] 200 /aftercare-manager.js
[2025-11-13T21:54:22.803Z] 200 /milestones-manager.js
[2025-11-13T21:54:22.804Z] 200 /images/family-first-logo.png
[2025-11-13T21:54:22.859Z] 200 /dashboard-diagnostics.js
[2025-11-13T21:54:22.860Z] 200 /dashboard-widgets.js
[2025-11-13T21:54:22.860Z] 200 /dashboard-manager.js
[2025-11-13T21:54:24.409Z] 200 /service-worker.js
[2025-11-13T22:05:40.824Z] 200 /CareConnect-Pro_v12.1-STABLE.html
[2025-11-13T22:05:40.844Z] 200 /libs/pdf-lib.min.js
[2025-11-13T22:05:40.861Z] 200 /libs/jspdf.umd.min.js
[2025-11-13T22:05:40.876Z] 200 /libs/html2canvas.min.js
[2025-11-13T22:05:40.884Z] 200 /libs/jquery-3.6.0.min.js
[2025-11-13T22:05:40.886Z] 200 /libs/select2.min.css
[2025-11-13T22:05:40.887Z] 200 /libs/select2.min.js
[2025-11-13T22:05:40.888Z] 200 /libs/leaflet.css
[2025-11-13T22:05:40.889Z] 200 /libs/leaflet.js
[2025-11-13T22:05:40.891Z] 200 /libs/chart.min.js
[2025-11-13T22:05:40.893Z] 200 /libs/d3.v7.min.js
[2025-11-13T22:05:40.895Z] 200 /js/auth/login-robust.js
[2025-11-13T22:05:40.896Z] 200 /feature-flags.js
[2025-11-13T22:05:40.904Z] 200 /multi-client-workflow.js
[2025-11-13T22:05:40.904Z] 200 /advanced-filters.js
[2025-11-13T22:05:40.904Z] 200 /performance-monitor.js
[2025-11-13T22:05:40.905Z] 200 /intelligent-matching.js
[2025-11-13T22:05:40.905Z] 200 /indexed-db-manager.js
[2025-11-13T22:05:40.905Z] 200 /client-manager.js
[2025-11-13T22:05:40.906Z] 200 /houses-manager.js
[2025-11-13T22:05:40.907Z] 200 /milestones-manager.js
[2025-11-13T22:05:40.908Z] 200 /aftercare-manager.js
[2025-11-13T22:05:40.909Z] 200 /images/family-first-logo.png
[2025-11-13T22:05:40.932Z] 200 /dashboard-manager.js
[2025-11-13T22:05:40.933Z] 200 /dashboard-widgets.js
[2025-11-13T22:05:40.933Z] 200 /dashboard-diagnostics.js
[2025-11-13T22:05:42.478Z] 200 /service-worker.js
[2025-11-13T22:05:45.084Z] 200 /CareConnect-Pro_v12.1-STABLE.html
[2025-11-13T22:05:45.105Z] 200 /libs/pdf-lib.min.js
[2025-11-13T22:05:45.120Z] 200 /libs/jspdf.umd.min.js
[2025-11-13T22:05:45.144Z] 200 /libs/html2canvas.min.js
[2025-11-13T22:05:45.152Z] 200 /libs/jquery-3.6.0.min.js
[2025-11-13T22:05:45.155Z] 200 /libs/select2.min.css
[2025-11-13T22:05:45.156Z] 200 /libs/select2.min.js
[2025-11-13T22:05:45.159Z] 200 /libs/leaflet.css
[2025-11-13T22:05:45.160Z] 200 /libs/leaflet.js
[2025-11-13T22:05:45.163Z] 200 /libs/chart.min.js
[2025-11-13T22:05:45.166Z] 200 /libs/d3.v7.min.js
[2025-11-13T22:05:45.170Z] 200 /js/auth/login-robust.js
[2025-11-13T22:05:45.170Z] 200 /feature-flags.js
[2025-11-13T22:05:45.176Z] 200 /indexed-db-manager.js
[2025-11-13T22:05:45.176Z] 200 /intelligent-matching.js
[2025-11-13T22:05:45.177Z] 200 /client-manager.js
[2025-11-13T22:05:45.177Z] 200 /advanced-filters.js
[2025-11-13T22:05:45.178Z] 200 /multi-client-workflow.js
[2025-11-13T22:05:45.178Z] 200 /performance-monitor.js
[2025-11-13T22:05:45.180Z] 200 /houses-manager.js
[2025-11-13T22:05:45.185Z] 200 /milestones-manager.js
[2025-11-13T22:05:45.186Z] 200 /aftercare-manager.js
[2025-11-13T22:05:45.186Z] 200 /images/family-first-logo.png
[2025-11-13T22:05:45.201Z] 200 /dashboard-manager.js
[2025-11-13T22:05:45.202Z] 200 /dashboard-diagnostics.js
[2025-11-13T22:05:45.203Z] 200 /dashboard-widgets.js
[2025-11-13T22:14:16.750Z] 200 /CareConnect-Pro_v12.1-STABLE.html
[2025-11-13T22:14:16.763Z] 200 /libs/pdf-lib.min.js
[2025-11-13T22:14:16.783Z] 200 /libs/jspdf.umd.min.js
[2025-11-13T22:14:16.787Z] 200 /images/family-first-logo.png
[2025-11-13T22:14:16.797Z] 200 /libs/html2canvas.min.js
[2025-11-13T22:14:16.805Z] 200 /libs/jquery-3.6.0.min.js
[2025-11-13T22:14:16.808Z] 200 /libs/select2.min.css
[2025-11-13T22:14:16.808Z] 200 /libs/select2.min.js
[2025-11-13T22:14:16.812Z] 200 /libs/leaflet.js
[2025-11-13T22:14:16.812Z] 200 /libs/leaflet.css
[2025-11-13T22:14:16.814Z] 200 /libs/chart.min.js
[2025-11-13T22:14:16.817Z] 200 /libs/d3.v7.min.js
[2025-11-13T22:14:16.820Z] 200 /js/auth/login-robust.js
[2025-11-13T22:14:16.821Z] 200 /feature-flags.js
[2025-11-13T22:14:16.828Z] 200 /performance-monitor.js
[2025-11-13T22:14:16.829Z] 200 /indexed-db-manager.js
[2025-11-13T22:14:16.829Z] 200 /client-manager.js
[2025-11-13T22:14:16.830Z] 200 /intelligent-matching.js
[2025-11-13T22:14:16.830Z] 200 /advanced-filters.js
[2025-11-13T22:14:16.831Z] 200 /multi-client-workflow.js
[2025-11-13T22:14:16.831Z] 200 /houses-manager.js
[2025-11-13T22:14:16.834Z] 200 /milestones-manager.js
[2025-11-13T22:14:16.836Z] 200 /aftercare-manager.js
[2025-11-13T22:14:16.861Z] 200 /dashboard-diagnostics.js
[2025-11-13T22:14:16.862Z] 200 /dashboard-widgets.js
[2025-11-13T22:14:16.862Z] 200 /dashboard-manager.js
[2025-11-13T22:14:18.058Z] 200 /CareConnect-Pro_v12.1-STABLE.html
[2025-11-13T22:14:18.073Z] 200 /libs/pdf-lib.min.js
[2025-11-13T22:14:18.086Z] 200 /libs/jspdf.umd.min.js
[2025-11-13T22:14:18.096Z] 200 /libs/html2canvas.min.js
[2025-11-13T22:14:18.103Z] 200 /libs/jquery-3.6.0.min.js
[2025-11-13T22:14:18.105Z] 200 /libs/select2.min.css
[2025-11-13T22:14:18.106Z] 200 /libs/select2.min.js
[2025-11-13T22:14:18.108Z] 200 /libs/leaflet.css
[2025-11-13T22:14:18.110Z] 200 /libs/leaflet.js
[2025-11-13T22:14:18.113Z] 200 /libs/chart.min.js
[2025-11-13T22:14:18.116Z] 200 /libs/d3.v7.min.js
[2025-11-13T22:14:18.119Z] 200 /js/auth/login-robust.js
[2025-11-13T22:14:18.120Z] 200 /feature-flags.js
[2025-11-13T22:14:18.124Z] 200 /indexed-db-manager.js
[2025-11-13T22:14:18.125Z] 200 /performance-monitor.js
[2025-11-13T22:14:18.126Z] 200 /multi-client-workflow.js
[2025-11-13T22:14:18.126Z] 200 /advanced-filters.js
[2025-11-13T22:14:18.126Z] 200 /intelligent-matching.js
[2025-11-13T22:14:18.127Z] 200 /client-manager.js
[2025-11-13T22:14:18.128Z] 200 /houses-manager.js
[2025-11-13T22:14:18.129Z] 200 /milestones-manager.js
[2025-11-13T22:14:18.129Z] 200 /aftercare-manager.js
[2025-11-13T22:14:18.131Z] 200 /images/family-first-logo.png
[2025-11-13T22:14:18.145Z] 200 /dashboard-widgets.js
[2025-11-13T22:14:18.146Z] 200 /dashboard-diagnostics.js
[2025-11-13T22:14:18.147Z] 200 /dashboard-manager.js
[2025-11-13T22:14:18.410Z] 200 /service-worker.js
[2025-11-13T22:14:19.690Z] 200 /service-worker.js
[2025-11-13T22:36:25.201Z] 200 /CareConnect-Pro_v12.1-STABLE.html
[2025-11-13T22:36:25.222Z] 200 /libs/pdf-lib.min.js
[2025-11-13T22:36:25.241Z] 200 /libs/jspdf.umd.min.js
[2025-11-13T22:36:25.256Z] 200 /libs/html2canvas.min.js
[2025-11-13T22:36:25.265Z] 200 /libs/jquery-3.6.0.min.js
[2025-11-13T22:36:25.269Z] 200 /libs/select2.min.css
[2025-11-13T22:36:25.270Z] 200 /libs/select2.min.js
[2025-11-13T22:36:25.273Z] 200 /libs/leaflet.css
[2025-11-13T22:36:25.274Z] 200 /libs/leaflet.js
[2025-11-13T22:36:25.276Z] 200 /libs/chart.min.js
[2025-11-13T22:36:25.278Z] 200 /libs/d3.v7.min.js
[2025-11-13T22:36:25.282Z] 200 /js/auth/login-robust.js
[2025-11-13T22:36:25.283Z] 200 /feature-flags.js
[2025-11-13T22:36:25.291Z] 200 /indexed-db-manager.js
[2025-11-13T22:36:25.292Z] 200 /performance-monitor.js
[2025-11-13T22:36:25.293Z] 200 /intelligent-matching.js
[2025-11-13T22:36:25.293Z] 200 /client-manager.js
[2025-11-13T22:36:25.293Z] 200 /advanced-filters.js
[2025-11-13T22:36:25.294Z] 200 /multi-client-workflow.js
[2025-11-13T22:36:25.295Z] 200 /houses-manager.js
[2025-11-13T22:36:25.296Z] 200 /milestones-manager.js
[2025-11-13T22:36:25.297Z] 200 /aftercare-manager.js
[2025-11-13T22:36:25.298Z] 200 /images/file.svg
[2025-11-13T22:36:25.315Z] 200 /dashboard-manager.js
[2025-11-13T22:36:25.316Z] 200 /dashboard-diagnostics.js
[2025-11-13T22:36:25.316Z] 200 /dashboard-widgets.js
[2025-11-13T22:36:26.867Z] 200 /service-worker.js
[2025-11-13T22:36:26.880Z] 200 /CareConnect-Pro_v12.1-STABLE.html
[2025-11-13T22:36:26.897Z] 200 /libs/pdf-lib.min.js
[2025-11-13T22:36:26.910Z] 200 /libs/jspdf.umd.min.js
[2025-11-13T22:36:26.921Z] 200 /libs/html2canvas.min.js
[2025-11-13T22:36:26.928Z] 200 /libs/jquery-3.6.0.min.js
[2025-11-13T22:36:26.932Z] 200 /libs/select2.min.js
[2025-11-13T22:36:26.932Z] 200 /libs/select2.min.css
[2025-11-13T22:36:26.934Z] 200 /libs/leaflet.js
[2025-11-13T22:36:26.935Z] 200 /libs/leaflet.css
[2025-11-13T22:36:26.939Z] 200 /libs/chart.min.js
[2025-11-13T22:36:26.942Z] 200 /libs/d3.v7.min.js
[2025-11-13T22:36:26.945Z] 200 /js/auth/login-robust.js
[2025-11-13T22:36:26.946Z] 200 /feature-flags.js
[2025-11-13T22:36:26.950Z] 200 /performance-monitor.js
[2025-11-13T22:36:26.950Z] 200 /indexed-db-manager.js
[2025-11-13T22:36:26.951Z] 200 /multi-client-workflow.js
[2025-11-13T22:36:26.951Z] 200 /intelligent-matching.js
[2025-11-13T22:36:26.951Z] 200 /client-manager.js
[2025-11-13T22:36:26.952Z] 200 /advanced-filters.js
[2025-11-13T22:36:26.953Z] 200 /houses-manager.js
[2025-11-13T22:36:26.955Z] 200 /milestones-manager.js
[2025-11-13T22:36:26.956Z] 200 /aftercare-manager.js
[2025-11-13T22:36:26.959Z] 200 /images/file.svg
[2025-11-13T22:36:26.973Z] 200 /dashboard-manager.js
[2025-11-13T22:36:26.974Z] 200 /dashboard-widgets.js
[2025-11-13T22:36:26.975Z] 200 /dashboard-diagnostics.js
[2025-11-13T22:36:28.510Z] 200 /service-worker.js
[2025-11-13T22:36:46.167Z] 200 /CareConnect-Pro_v12.1-STABLE.html
[2025-11-13T22:36:46.183Z] 200 /libs/pdf-lib.min.js
[2025-11-13T22:36:46.201Z] 200 /libs/jspdf.umd.min.js
[2025-11-13T22:36:46.213Z] 200 /libs/html2canvas.min.js
[2025-11-13T22:36:46.218Z] 200 /libs/jquery-3.6.0.min.js
[2025-11-13T22:36:46.221Z] 200 /libs/select2.min.css
[2025-11-13T22:36:46.222Z] 200 /libs/select2.min.js
[2025-11-13T22:36:46.224Z] 200 /libs/leaflet.css
[2025-11-13T22:36:46.224Z] 200 /libs/leaflet.js
[2025-11-13T22:36:46.226Z] 200 /libs/chart.min.js
[2025-11-13T22:36:46.229Z] 200 /libs/d3.v7.min.js
[2025-11-13T22:36:46.231Z] 200 /js/auth/login-robust.js
[2025-11-13T22:36:46.232Z] 200 /feature-flags.js
[2025-11-13T22:36:46.237Z] 200 /indexed-db-manager.js
[2025-11-13T22:36:46.237Z] 200 /performance-monitor.js
[2025-11-13T22:36:46.238Z] 200 /intelligent-matching.js
[2025-11-13T22:36:46.239Z] 200 /multi-client-workflow.js
[2025-11-13T22:36:46.239Z] 200 /client-manager.js
[2025-11-13T22:36:46.240Z] 200 /advanced-filters.js
[2025-11-13T22:36:46.240Z] 200 /houses-manager.js
[2025-11-13T22:36:46.241Z] 200 /milestones-manager.js
[2025-11-13T22:36:46.243Z] 200 /aftercare-manager.js
[2025-11-13T22:36:46.246Z] 200 /images/file.svg
[2025-11-13T22:36:46.259Z] 200 /dashboard-diagnostics.js
[2025-11-13T22:36:46.259Z] 200 /dashboard-widgets.js
[2025-11-13T22:36:46.260Z] 200 /dashboard-manager.js
[2025-11-13T22:36:47.792Z] 200 /service-worker.js
[2025-11-13T22:36:48.399Z] 200 /CareConnect-Pro_v12.1-STABLE.html
[2025-11-13T22:36:48.415Z] 200 /libs/pdf-lib.min.js
[2025-11-13T22:36:48.428Z] 200 /libs/jspdf.umd.min.js
[2025-11-13T22:36:48.437Z] 200 /libs/html2canvas.min.js
[2025-11-13T22:36:48.443Z] 200 /libs/jquery-3.6.0.min.js
[2025-11-13T22:36:48.446Z] 200 /libs/select2.min.css
[2025-11-13T22:36:48.446Z] 200 /libs/select2.min.js
[2025-11-13T22:36:48.449Z] 200 /libs/leaflet.css
[2025-11-13T22:36:48.449Z] 200 /libs/leaflet.js
[2025-11-13T22:36:48.454Z] 200 /libs/chart.min.js
[2025-11-13T22:36:48.456Z] 200 /libs/d3.v7.min.js
[2025-11-13T22:36:48.459Z] 200 /js/auth/login-robust.js
[2025-11-13T22:36:48.459Z] 200 /feature-flags.js
[2025-11-13T22:36:48.465Z] 200 /advanced-filters.js
[2025-11-13T22:36:48.465Z] 200 /performance-monitor.js
[2025-11-13T22:36:48.466Z] 200 /indexed-db-manager.js
[2025-11-13T22:36:48.466Z] 200 /multi-client-workflow.js
[2025-11-13T22:36:48.467Z] 200 /intelligent-matching.js
[2025-11-13T22:36:48.467Z] 200 /client-manager.js
[2025-11-13T22:36:48.468Z] 200 /houses-manager.js
[2025-11-13T22:36:48.471Z] 200 /aftercare-manager.js
[2025-11-13T22:36:48.471Z] 200 /milestones-manager.js
[2025-11-13T22:36:48.473Z] 200 /images/file.svg
[2025-11-13T22:36:48.487Z] 200 /dashboard-diagnostics.js
[2025-11-13T22:36:48.488Z] 200 /dashboard-manager.js
[2025-11-13T22:36:48.488Z] 200 /dashboard-widgets.js
[2025-11-13T22:39:00.262Z] 200 /images/file.svg
[2025-11-13T22:40:41.355Z] Stable server running at http://localhost:8083
[2025-11-13T22:40:49.092Z] 200 /images/file.svg
[2025-11-13T22:41:30.555Z] 200 /CareConnect-Pro_v12.1-STABLE.html
[2025-11-13T22:41:30.577Z] 200 /libs/pdf-lib.min.js
[2025-11-13T22:41:30.594Z] 200 /libs/jspdf.umd.min.js
[2025-11-13T22:41:30.608Z] 200 /libs/html2canvas.min.js
[2025-11-13T22:41:30.616Z] 200 /libs/jquery-3.6.0.min.js
[2025-11-13T22:41:30.618Z] 200 /libs/select2.min.css
[2025-11-13T22:41:30.619Z] 200 /libs/select2.min.js
[2025-11-13T22:41:30.622Z] 200 /libs/leaflet.css
[2025-11-13T22:41:30.622Z] 200 /libs/leaflet.js
[2025-11-13T22:41:30.625Z] 200 /libs/chart.min.js
[2025-11-13T22:41:30.627Z] 200 /libs/d3.v7.min.js
[2025-11-13T22:41:30.630Z] 200 /js/auth/login-robust.js
[2025-11-13T22:41:30.630Z] 200 /feature-flags.js
[2025-11-13T22:41:30.639Z] 200 /indexed-db-manager.js
[2025-11-13T22:41:30.640Z] 200 /client-manager.js
[2025-11-13T22:41:30.640Z] 200 /performance-monitor.js
[2025-11-13T22:41:30.641Z] 200 /intelligent-matching.js
[2025-11-13T22:41:30.641Z] 200 /multi-client-workflow.js
[2025-11-13T22:41:30.642Z] 200 /advanced-filters.js
[2025-11-13T22:41:30.642Z] 200 /houses-manager.js
[2025-11-13T22:41:30.643Z] 200 /milestones-manager.js
[2025-11-13T22:41:30.644Z] 200 /aftercare-manager.js
[2025-11-13T22:41:30.645Z] 200 /images/file.svg
[2025-11-13T22:41:30.663Z] 200 /dashboard-manager.js
[2025-11-13T22:41:30.663Z] 200 /dashboard-diagnostics.js
[2025-11-13T22:41:30.664Z] 200 /dashboard-widgets.js
[2025-11-13T22:41:32.212Z] 200 /service-worker.js
[2025-11-13T22:41:32.475Z] 200 /CareConnect-Pro_v12.1-STABLE.html
[2025-11-13T22:41:32.492Z] 200 /libs/pdf-lib.min.js
[2025-11-13T22:41:32.505Z] 200 /libs/jspdf.umd.min.js
[2025-11-13T22:41:32.518Z] 200 /libs/html2canvas.min.js
[2025-11-13T22:41:32.524Z] 200 /libs/jquery-3.6.0.min.js
[2025-11-13T22:41:32.527Z] 200 /libs/select2.min.css
[2025-11-13T22:41:32.528Z] 200 /libs/select2.min.js
[2025-11-13T22:41:32.530Z] 200 /libs/leaflet.css
[2025-11-13T22:41:32.530Z] 200 /libs/leaflet.js
[2025-11-13T22:41:32.534Z] 200 /libs/chart.min.js
[2025-11-13T22:41:32.536Z] 200 /libs/d3.v7.min.js
[2025-11-13T22:41:32.539Z] 200 /js/auth/login-robust.js
[2025-11-13T22:41:32.539Z] 200 /feature-flags.js
[2025-11-13T22:41:32.544Z] 200 /performance-monitor.js
[2025-11-13T22:41:32.544Z] 200 /intelligent-matching.js
[2025-11-13T22:41:32.545Z] 200 /indexed-db-manager.js
[2025-11-13T22:41:32.545Z] 200 /multi-client-workflow.js
[2025-11-13T22:41:32.545Z] 200 /client-manager.js
[2025-11-13T22:41:32.546Z] 200 /advanced-filters.js
[2025-11-13T22:41:32.547Z] 200 /houses-manager.js
[2025-11-13T22:41:32.549Z] 200 /milestones-manager.js
[2025-11-13T22:41:32.550Z] 200 /aftercare-manager.js
[2025-11-13T22:41:32.553Z] 200 /images/file.svg
[2025-11-13T22:41:32.566Z] 200 /dashboard-manager.js
[2025-11-13T22:41:32.567Z] 200 /dashboard-diagnostics.js
[2025-11-13T22:41:32.568Z] 200 /dashboard-widgets.js
[2025-11-13T22:41:34.047Z] 200 /CareConnect-Pro_v12.1-STABLE.html
[2025-11-13T22:41:34.061Z] 200 /libs/pdf-lib.min.js
[2025-11-13T22:41:34.074Z] 200 /libs/jspdf.umd.min.js
[2025-11-13T22:41:34.083Z] 200 /libs/html2canvas.min.js
[2025-11-13T22:41:34.088Z] 200 /libs/jquery-3.6.0.min.js
[2025-11-13T22:41:34.090Z] 200 /libs/select2.min.css
[2025-11-13T22:41:34.091Z] 200 /libs/select2.min.js
[2025-11-13T22:41:34.093Z] 200 /libs/leaflet.css
[2025-11-13T22:41:34.093Z] 200 /libs/leaflet.js
[2025-11-13T22:41:34.095Z] 200 /libs/chart.min.js
[2025-11-13T22:41:34.097Z] 200 /libs/d3.v7.min.js
[2025-11-13T22:41:34.099Z] 200 /js/auth/login-robust.js
[2025-11-13T22:41:34.100Z] 200 /feature-flags.js
[2025-11-13T22:41:34.104Z] 200 /performance-monitor.js
[2025-11-13T22:41:34.104Z] 200 /advanced-filters.js
[2025-11-13T22:41:34.105Z] 200 /client-manager.js
[2025-11-13T22:41:34.105Z] 200 /intelligent-matching.js
[2025-11-13T22:41:34.105Z] 200 /multi-client-workflow.js
[2025-11-13T22:41:34.106Z] 200 /indexed-db-manager.js
[2025-11-13T22:41:34.106Z] 200 /houses-manager.js
[2025-11-13T22:41:34.108Z] 200 /milestones-manager.js
[2025-11-13T22:41:34.109Z] 200 /aftercare-manager.js
[2025-11-13T22:41:34.109Z] 200 /images/file.svg
[2025-11-13T22:41:34.110Z] 200 /service-worker.js
[2025-11-13T22:41:34.120Z] 200 /dashboard-diagnostics.js
[2025-11-13T22:41:34.121Z] 200 /dashboard-manager.js
[2025-11-13T22:41:34.121Z] 200 /dashboard-widgets.js
[2025-11-13T22:41:34.494Z] 200 /CareConnect-Pro_v12.1-STABLE.html
[2025-11-13T22:41:34.510Z] 200 /libs/pdf-lib.min.js
[2025-11-13T22:41:34.523Z] 200 /libs/jspdf.umd.min.js
[2025-11-13T22:41:34.534Z] 200 /libs/html2canvas.min.js
[2025-11-13T22:41:34.540Z] 200 /libs/jquery-3.6.0.min.js
[2025-11-13T22:41:34.543Z] 200 /libs/select2.min.css
[2025-11-13T22:41:34.544Z] 200 /libs/select2.min.js
[2025-11-13T22:41:34.546Z] 200 /libs/leaflet.css
[2025-11-13T22:41:34.546Z] 200 /libs/leaflet.js
[2025-11-13T22:41:34.548Z] 200 /libs/chart.min.js
[2025-11-13T22:41:34.551Z] 200 /libs/d3.v7.min.js
[2025-11-13T22:41:34.553Z] 200 /js/auth/login-robust.js
[2025-11-13T22:41:34.553Z] 200 /feature-flags.js
[2025-11-13T22:41:34.558Z] 200 /performance-monitor.js
[2025-11-13T22:41:34.559Z] 200 /multi-client-workflow.js
[2025-11-13T22:41:34.559Z] 200 /intelligent-matching.js
[2025-11-13T22:41:34.559Z] 200 /indexed-db-manager.js
[2025-11-13T22:41:34.560Z] 200 /advanced-filters.js
[2025-11-13T22:41:34.560Z] 200 /client-manager.js
[2025-11-13T22:41:34.561Z] 200 /milestones-manager.js
[2025-11-13T22:41:34.561Z] 200 /aftercare-manager.js
[2025-11-13T22:41:34.562Z] 200 /houses-manager.js
[2025-11-13T22:41:34.562Z] 200 /images/file.svg
[2025-11-13T22:41:34.578Z] 200 /dashboard-widgets.js
[2025-11-13T22:41:34.579Z] 200 /dashboard-diagnostics.js
[2025-11-13T22:41:34.579Z] 200 /dashboard-manager.js
[2025-11-13T22:41:36.125Z] 200 /service-worker.js
[2025-11-13T22:41:56.835Z] 200 /libs/select2.min.css
[2025-11-13T22:41:56.835Z] 200 /libs/leaflet.css
[2025-11-13T22:41:56.837Z] 200 /CareConnect-Pro_v12.1-STABLE.html
[2025-11-13T22:41:56.848Z] 404 /.well-known/appspecific/com.chrome.devtools.json
[2025-11-13T22:41:57.153Z] 404 /libs/pdf-lib.min.js.map.html
[2025-11-13T22:41:57.156Z] 404 /libs/jspdf.umd.min.js.map.html
[2025-11-13T22:48:40.618Z] 200 /CareConnect-Pro_v12.1-STABLE.html
[2025-11-13T22:48:40.633Z] 200 /libs/pdf-lib.min.js
[2025-11-13T22:48:40.657Z] 200 /libs/jspdf.umd.min.js
[2025-11-13T22:48:40.662Z] 200 /images/file.svg
[2025-11-13T22:48:40.683Z] 200 /libs/html2canvas.min.js
[2025-11-13T22:48:40.692Z] 200 /libs/jquery-3.6.0.min.js
[2025-11-13T22:48:40.697Z] 200 /libs/select2.min.js
[2025-11-13T22:48:40.698Z] 200 /libs/select2.min.css
[2025-11-13T22:48:40.703Z] 200 /libs/leaflet.css
[2025-11-13T22:48:40.704Z] 200 /libs/leaflet.js
[2025-11-13T22:48:40.708Z] 200 /libs/chart.min.js
[2025-11-13T22:48:40.711Z] 200 /libs/d3.v7.min.js
[2025-11-13T22:48:40.715Z] 200 /js/auth/login-robust.js
[2025-11-13T22:48:40.716Z] 200 /feature-flags.js
[2025-11-13T22:48:40.725Z] 200 /intelligent-matching.js
[2025-11-13T22:48:40.725Z] 200 /performance-monitor.js
[2025-11-13T22:48:40.726Z] 200 /indexed-db-manager.js
[2025-11-13T22:48:40.726Z] 200 /multi-client-workflow.js
[2025-11-13T22:48:40.727Z] 200 /client-manager.js
[2025-11-13T22:48:40.727Z] 200 /advanced-filters.js
[2025-11-13T22:48:40.729Z] 200 /houses-manager.js
[2025-11-13T22:48:40.729Z] 200 /milestones-manager.js
[2025-11-13T22:48:40.730Z] 200 /aftercare-manager.js
[2025-11-13T22:48:40.750Z] 200 /dashboard-manager.js
[2025-11-13T22:48:40.750Z] 200 /dashboard-widgets.js
[2025-11-13T22:48:40.751Z] 200 /dashboard-diagnostics.js
[2025-11-13T22:48:42.305Z] 200 /service-worker.js
[2025-11-13T22:48:42.822Z] 200 /CareConnect-Pro_v12.1-STABLE.html
[2025-11-13T22:48:42.838Z] 200 /libs/pdf-lib.min.js
[2025-11-13T22:48:42.856Z] 200 /libs/jspdf.umd.min.js
[2025-11-13T22:48:42.869Z] 200 /libs/html2canvas.min.js
[2025-11-13T22:48:42.875Z] 200 /libs/jquery-3.6.0.min.js
[2025-11-13T22:48:42.879Z] 200 /libs/select2.min.css
[2025-11-13T22:48:42.879Z] 200 /libs/select2.min.js
[2025-11-13T22:48:42.882Z] 200 /libs/leaflet.js
[2025-11-13T22:48:42.883Z] 200 /libs/leaflet.css
[2025-11-13T22:48:42.885Z] 200 /libs/chart.min.js
[2025-11-13T22:48:42.889Z] 200 /libs/d3.v7.min.js
[2025-11-13T22:48:42.892Z] 200 /js/auth/login-robust.js
[2025-11-13T22:48:42.892Z] 200 /feature-flags.js
[2025-11-13T22:48:42.898Z] 200 /multi-client-workflow.js
[2025-11-13T22:48:42.899Z] 200 /performance-monitor.js
[2025-11-13T22:48:42.899Z] 200 /intelligent-matching.js
[2025-11-13T22:48:42.899Z] 200 /indexed-db-manager.js
[2025-11-13T22:48:42.900Z] 200 /advanced-filters.js
[2025-11-13T22:48:42.900Z] 200 /client-manager.js
[2025-11-13T22:48:42.901Z] 200 /houses-manager.js
[2025-11-13T22:48:42.904Z] 200 /aftercare-manager.js
[2025-11-13T22:48:42.904Z] 200 /milestones-manager.js
[2025-11-13T22:48:42.905Z] 200 /images/file.svg
[2025-11-13T22:48:42.922Z] 200 /dashboard-manager.js
[2025-11-13T22:48:42.923Z] 200 /dashboard-diagnostics.js
[2025-11-13T22:48:42.923Z] 200 /dashboard-widgets.js
[2025-11-13T22:48:44.462Z] 200 /service-worker.js
[2025-11-13T23:45:26.794Z] 200 /CareConnect-Pro_v12.1-STABLE.html
[2025-11-13T23:45:26.817Z] 200 /libs/pdf-lib.min.js
[2025-11-13T23:45:26.835Z] 200 /libs/jspdf.umd.min.js
[2025-11-13T23:45:26.850Z] 200 /libs/html2canvas.min.js
[2025-11-13T23:45:26.858Z] 200 /libs/jquery-3.6.0.min.js
[2025-11-13T23:45:26.860Z] 200 /libs/select2.min.css
[2025-11-13T23:45:26.861Z] 200 /libs/select2.min.js
[2025-11-13T23:45:26.863Z] 200 /libs/leaflet.css
[2025-11-13T23:45:26.863Z] 200 /libs/leaflet.js
[2025-11-13T23:45:26.867Z] 200 /libs/chart.min.js
[2025-11-13T23:45:26.870Z] 200 /libs/d3.v7.min.js
[2025-11-13T23:45:26.873Z] 200 /js/auth/login-robust.js
[2025-11-13T23:45:26.874Z] 200 /feature-flags.js
[2025-11-13T23:45:26.881Z] 200 /indexed-db-manager.js
[2025-11-13T23:45:26.882Z] 200 /performance-monitor.js
[2025-11-13T23:45:26.883Z] 200 /intelligent-matching.js
[2025-11-13T23:45:26.885Z] 200 /multi-client-workflow.js
[2025-11-13T23:45:26.886Z] 200 /advanced-filters.js
[2025-11-13T23:45:26.887Z] 200 /client-manager.js
[2025-11-13T23:45:26.887Z] 200 /houses-manager.js
[2025-11-13T23:45:26.888Z] 200 /milestones-manager.js
[2025-11-13T23:45:26.889Z] 200 /aftercare-manager.js
[2025-11-13T23:45:26.890Z] 200 /images/file.svg
[2025-11-13T23:45:26.905Z] 200 /dashboard-diagnostics.js
[2025-11-13T23:45:26.906Z] 200 /dashboard-manager.js
[2025-11-13T23:45:26.907Z] 200 /dashboard-widgets.js
[2025-11-13T23:45:27.589Z] 200 /CareConnect-Pro_v12.1-STABLE.html
[2025-11-13T23:45:27.605Z] 200 /libs/pdf-lib.min.js
[2025-11-13T23:45:27.617Z] 200 /libs/jspdf.umd.min.js
[2025-11-13T23:45:27.627Z] 200 /libs/html2canvas.min.js
[2025-11-13T23:45:27.634Z] 200 /libs/jquery-3.6.0.min.js
[2025-11-13T23:45:27.637Z] 200 /libs/select2.min.css
[2025-11-13T23:45:27.637Z] 200 /libs/select2.min.js
[2025-11-13T23:45:27.641Z] 200 /libs/leaflet.css
[2025-11-13T23:45:27.641Z] 200 /libs/leaflet.js
[2025-11-13T23:45:27.644Z] 200 /libs/chart.min.js
[2025-11-13T23:45:27.646Z] 200 /libs/d3.v7.min.js
[2025-11-13T23:45:27.650Z] 200 /feature-flags.js
[2025-11-13T23:45:27.650Z] 200 /js/auth/login-robust.js
[2025-11-13T23:45:27.654Z] 200 /performance-monitor.js
[2025-11-13T23:45:27.655Z] 200 /intelligent-matching.js
[2025-11-13T23:45:27.655Z] 200 /indexed-db-manager.js
[2025-11-13T23:45:27.656Z] 200 /multi-client-workflow.js
[2025-11-13T23:45:27.656Z] 200 /advanced-filters.js
[2025-11-13T23:45:27.657Z] 200 /client-manager.js
[2025-11-13T23:45:27.658Z] 200 /houses-manager.js
[2025-11-13T23:45:27.659Z] 200 /milestones-manager.js
[2025-11-13T23:45:27.660Z] 200 /aftercare-manager.js
[2025-11-13T23:45:27.660Z] 200 /images/file.svg
[2025-11-13T23:45:27.674Z] 200 /dashboard-manager.js
[2025-11-13T23:45:27.675Z] 200 /dashboard-diagnostics.js
[2025-11-13T23:45:27.675Z] 200 /dashboard-widgets.js
[2025-11-13T23:45:29.222Z] 200 /service-worker.js
[2025-11-13T23:59:41.566Z] 200 /CareConnect-Pro_v12.1-STABLE.html
[2025-11-13T23:59:41.588Z] 200 /libs/pdf-lib.min.js
[2025-11-13T23:59:41.606Z] 200 /libs/jspdf.umd.min.js
[2025-11-13T23:59:41.618Z] 200 /libs/html2canvas.min.js
[2025-11-13T23:59:41.626Z] 200 /libs/jquery-3.6.0.min.js
[2025-11-13T23:59:41.628Z] 200 /libs/select2.min.css
[2025-11-13T23:59:41.629Z] 200 /libs/select2.min.js
[2025-11-13T23:59:41.632Z] 200 /libs/leaflet.css
[2025-11-13T23:59:41.632Z] 200 /libs/leaflet.js
[2025-11-13T23:59:41.634Z] 200 /libs/chart.min.js
[2025-11-13T23:59:41.635Z] 200 /libs/d3.v7.min.js
[2025-11-13T23:59:41.637Z] 200 /js/auth/login-robust.js
[2025-11-13T23:59:41.638Z] 200 /feature-flags.js
[2025-11-13T23:59:41.645Z] 200 /performance-monitor.js
[2025-11-13T23:59:41.646Z] 200 /indexed-db-manager.js
[2025-11-13T23:59:41.647Z] 200 /multi-client-workflow.js
[2025-11-13T23:59:41.647Z] 200 /intelligent-matching.js
[2025-11-13T23:59:41.648Z] 200 /advanced-filters.js
[2025-11-13T23:59:41.649Z] 200 /client-manager.js
[2025-11-13T23:59:41.649Z] 200 /houses-manager.js
[2025-11-13T23:59:41.650Z] 200 /milestones-manager.js
[2025-11-13T23:59:41.650Z] 200 /aftercare-manager.js
[2025-11-13T23:59:41.651Z] 404 /images/family-first-logo-clean.svg
[2025-11-13T23:59:41.673Z] 200 /dashboard-widgets.js
[2025-11-13T23:59:41.674Z] 200 /dashboard-manager.js
[2025-11-13T23:59:41.675Z] 200 /dashboard-diagnostics.js
[2025-11-13T23:59:42.845Z] 200 /CareConnect-Pro_v12.1-STABLE.html
[2025-11-13T23:59:42.861Z] 200 /libs/pdf-lib.min.js
[2025-11-13T23:59:42.873Z] 200 /libs/jspdf.umd.min.js
[2025-11-13T23:59:42.883Z] 200 /libs/html2canvas.min.js
[2025-11-13T23:59:42.889Z] 200 /libs/jquery-3.6.0.min.js
[2025-11-13T23:59:42.892Z] 200 /libs/select2.min.css
[2025-11-13T23:59:42.892Z] 200 /libs/select2.min.js
[2025-11-13T23:59:42.894Z] 200 /libs/leaflet.css
[2025-11-13T23:59:42.895Z] 200 /libs/leaflet.js
[2025-11-13T23:59:42.896Z] 200 /libs/chart.min.js
[2025-11-13T23:59:42.899Z] 200 /libs/d3.v7.min.js
[2025-11-13T23:59:42.901Z] 200 /js/auth/login-robust.js
[2025-11-13T23:59:42.902Z] 200 /feature-flags.js
[2025-11-13T23:59:42.907Z] 200 /performance-monitor.js
[2025-11-13T23:59:42.908Z] 200 /advanced-filters.js
[2025-11-13T23:59:42.908Z] 200 /indexed-db-manager.js
[2025-11-13T23:59:42.909Z] 200 /multi-client-workflow.js
[2025-11-13T23:59:42.909Z] 200 /intelligent-matching.js
[2025-11-13T23:59:42.910Z] 200 /client-manager.js
[2025-11-13T23:59:42.910Z] 200 /houses-manager.js
[2025-11-13T23:59:42.911Z] 200 /aftercare-manager.js
[2025-11-13T23:59:42.911Z] 200 /milestones-manager.js
[2025-11-13T23:59:42.913Z] 404 /images/family-first-logo-clean.svg
[2025-11-13T23:59:42.930Z] 200 /dashboard-diagnostics.js
[2025-11-13T23:59:42.931Z] 200 /dashboard-widgets.js
[2025-11-13T23:59:42.931Z] 200 /dashboard-manager.js
[2025-11-13T23:59:43.212Z] 200 /service-worker.js
[2025-11-13T23:59:44.479Z] 200 /service-worker.js
[2025-11-14T00:08:49.782Z] 200 /CareConnect-Pro_v12.1-STABLE.html
[2025-11-14T00:08:49.800Z] 200 /libs/pdf-lib.min.js
[2025-11-14T00:08:49.808Z] 200 /images/file.svg
[2025-11-14T00:08:49.821Z] 200 /libs/jspdf.umd.min.js
[2025-11-14T00:08:49.836Z] 200 /libs/html2canvas.min.js
[2025-11-14T00:08:49.844Z] 200 /libs/jquery-3.6.0.min.js
[2025-11-14T00:08:49.847Z] 200 /libs/select2.min.css
[2025-11-14T00:08:49.848Z] 200 /libs/select2.min.js
[2025-11-14T00:08:49.851Z] 200 /libs/leaflet.css
[2025-11-14T00:08:49.852Z] 200 /libs/leaflet.js
[2025-11-14T00:08:49.855Z] 200 /libs/chart.min.js
[2025-11-14T00:08:49.858Z] 200 /libs/d3.v7.min.js
[2025-11-14T00:08:49.861Z] 200 /js/auth/login-robust.js
[2025-11-14T00:08:49.861Z] 200 /feature-flags.js
[2025-11-14T00:08:49.868Z] 200 /performance-monitor.js
[2025-11-14T00:08:49.869Z] 200 /indexed-db-manager.js
[2025-11-14T00:08:49.870Z] 200 /intelligent-matching.js
[2025-11-14T00:08:49.870Z] 200 /multi-client-workflow.js
[2025-11-14T00:08:49.871Z] 200 /advanced-filters.js
[2025-11-14T00:08:49.871Z] 200 /client-manager.js
[2025-11-14T00:08:49.872Z] 200 /houses-manager.js
[2025-11-14T00:08:49.873Z] 200 /milestones-manager.js
[2025-11-14T00:08:49.873Z] 200 /aftercare-manager.js
[2025-11-14T00:08:49.893Z] 200 /dashboard-diagnostics.js
[2025-11-14T00:08:49.894Z] 200 /dashboard-manager.js
[2025-11-14T00:08:49.894Z] 200 /dashboard-widgets.js
[2025-11-14T00:08:51.446Z] 200 /service-worker.js
[2025-11-14T00:08:56.302Z] 200 /CareConnect-Pro_v12.1-STABLE.html
[2025-11-14T00:08:56.323Z] 200 /libs/pdf-lib.min.js
[2025-11-14T00:08:56.338Z] 200 /libs/jspdf.umd.min.js
[2025-11-14T00:08:56.351Z] 200 /libs/html2canvas.min.js
[2025-11-14T00:08:56.357Z] 200 /libs/jquery-3.6.0.min.js
[2025-11-14T00:08:56.361Z] 200 /libs/select2.min.js
[2025-11-14T00:08:56.362Z] 200 /libs/select2.min.css
[2025-11-14T00:08:56.365Z] 200 /libs/leaflet.css
[2025-11-14T00:08:56.365Z] 200 /libs/leaflet.js
[2025-11-14T00:08:56.370Z] 200 /libs/chart.min.js
[2025-11-14T00:08:56.373Z] 200 /libs/d3.v7.min.js
[2025-11-14T00:08:56.376Z] 200 /js/auth/login-robust.js
[2025-11-14T00:08:56.377Z] 200 /feature-flags.js
[2025-11-14T00:08:56.381Z] 200 /performance-monitor.js
[2025-11-14T00:08:56.382Z] 200 /indexed-db-manager.js
[2025-11-14T00:08:56.382Z] 200 /multi-client-workflow.js
[2025-11-14T00:08:56.382Z] 200 /intelligent-matching.js
[2025-11-14T00:08:56.383Z] 200 /client-manager.js
[2025-11-14T00:08:56.384Z] 200 /advanced-filters.js
[2025-11-14T00:08:56.384Z] 200 /houses-manager.js
[2025-11-14T00:08:56.385Z] 200 /milestones-manager.js
[2025-11-14T00:08:56.386Z] 200 /aftercare-manager.js
[2025-11-14T00:08:56.387Z] 200 /images/file.svg
[2025-11-14T00:08:56.402Z] 200 /dashboard-manager.js
[2025-11-14T00:08:56.402Z] 200 /dashboard-diagnostics.js
[2025-11-14T00:08:56.403Z] 200 /dashboard-widgets.js
[2025-11-14T00:08:57.942Z] 200 /service-worker.js
[2025-11-14T02:55:58.840Z] Stable server running at http://localhost:8083
[2025-11-14T02:56:32.507Z] 200 /CareConnect-Pro_v12.1-STABLE.html
[2025-11-14T02:56:32.527Z] 200 /libs/pdf-lib.min.js
[2025-11-14T02:56:32.545Z] 200 /libs/jspdf.umd.min.js
[2025-11-14T02:56:32.571Z] 200 /libs/html2canvas.min.js
[2025-11-14T02:56:32.579Z] 200 /libs/jquery-3.6.0.min.js
[2025-11-14T02:56:32.582Z] 200 /libs/select2.min.css
[2025-11-14T02:56:32.583Z] 200 /libs/select2.min.js
[2025-11-14T02:56:32.586Z] 200 /libs/leaflet.js
[2025-11-14T02:56:32.587Z] 200 /libs/leaflet.css
[2025-11-14T02:56:32.590Z] 200 /libs/chart.min.js
[2025-11-14T02:56:32.592Z] 200 /libs/d3.v7.min.js
[2025-11-14T02:56:32.595Z] 200 /js/auth/login-robust.js
[2025-11-14T02:56:32.597Z] 200 /feature-flags.js
[2025-11-14T02:56:32.604Z] 200 /indexed-db-manager.js
[2025-11-14T02:56:32.605Z] 200 /performance-monitor.js
[2025-11-14T02:56:32.605Z] 200 /advanced-filters.js
[2025-11-14T02:56:32.606Z] 200 /intelligent-matching.js
[2025-11-14T02:56:32.606Z] 200 /multi-client-workflow.js
[2025-11-14T02:56:32.607Z] 200 /client-manager.js
[2025-11-14T02:56:32.610Z] 200 /houses-manager.js
[2025-11-14T02:56:32.611Z] 200 /aftercare-manager.js
[2025-11-14T02:56:32.611Z] 200 /milestones-manager.js
[2025-11-14T02:56:32.612Z] 200 /images/file.svg
[2025-11-14T02:56:32.664Z] 200 /dashboard-widgets.js
[2025-11-14T02:56:32.665Z] 200 /dashboard-diagnostics.js
[2025-11-14T02:56:32.665Z] 200 /dashboard-manager.js
[2025-11-14T02:56:34.205Z] 200 /service-worker.js
[2025-11-14T03:18:58.207Z] 200 /CareConnect-Pro_v12.1-STABLE.html
[2025-11-14T03:18:58.222Z] 200 /libs/pdf-lib.min.js
[2025-11-14T03:18:58.239Z] 200 /libs/jspdf.umd.min.js
[2025-11-14T03:18:58.252Z] 200 /libs/html2canvas.min.js
[2025-11-14T03:18:58.260Z] 200 /libs/jquery-3.6.0.min.js
[2025-11-14T03:18:58.263Z] 200 /libs/select2.min.js
[2025-11-14T03:18:58.263Z] 200 /libs/select2.min.css
[2025-11-14T03:18:58.266Z] 200 /libs/leaflet.css
[2025-11-14T03:18:58.267Z] 200 /libs/leaflet.js
[2025-11-14T03:18:58.269Z] 200 /libs/chart.min.js
[2025-11-14T03:18:58.271Z] 200 /libs/d3.v7.min.js
[2025-11-14T03:18:58.274Z] 200 /js/auth/login-robust.js
[2025-11-14T03:18:58.274Z] 200 /feature-flags.js
[2025-11-14T03:18:58.282Z] 200 /performance-monitor.js
[2025-11-14T03:18:58.283Z] 200 /multi-client-workflow.js
[2025-11-14T03:18:58.283Z] 200 /intelligent-matching.js
[2025-11-14T03:18:58.283Z] 200 /client-manager.js
[2025-11-14T03:18:58.284Z] 200 /advanced-filters.js
[2025-11-14T03:18:58.284Z] 200 /indexed-db-manager.js
[2025-11-14T03:18:58.285Z] 200 /houses-manager.js
[2025-11-14T03:18:58.285Z] 200 /milestones-manager.js
[2025-11-14T03:18:58.286Z] 200 /aftercare-manager.js
[2025-11-14T03:18:58.288Z] 200 /images/file.svg
[2025-11-14T03:18:58.340Z] 200 /dashboard-manager.js
[2025-11-14T03:18:58.340Z] 200 /dashboard-diagnostics.js
[2025-11-14T03:18:58.341Z] 200 /dashboard-widgets.js
[2025-11-14T03:18:59.916Z] 200 /service-worker.js
